2026-01-04 11:46:51,365 - INFO - --- Starting Ultimate Scrape Run #1 ---
2026-01-04 11:46:56,354 - INFO - Navigating to https://www.ycombinator.com/companies...
2026-01-04 11:47:00,912 - INFO - Starting Infinite Scroll...
2026-01-04 11:47:02,949 - INFO - Scrolled deeper...
2026-01-04 11:47:04,973 - INFO - Scrolled deeper...
2026-01-04 11:47:06,986 - INFO - Scrolled deeper...
2026-01-04 11:47:09,010 - INFO - Scrolled deeper...
2026-01-04 11:47:11,030 - INFO - Scrolled deeper...
2026-01-04 11:47:13,049 - INFO - Scrolled deeper...
2026-01-04 11:47:15,073 - INFO - Scrolled deeper...
2026-01-04 11:47:17,091 - INFO - Scrolled deeper...
2026-01-04 11:47:19,116 - INFO - Scrolled deeper...
2026-01-04 11:47:21,130 - INFO - Scrolled deeper...
2026-01-04 11:47:23,148 - INFO - Scrolled deeper...
2026-01-04 11:47:25,161 - INFO - Scrolled deeper...
2026-01-04 11:47:27,173 - INFO - Scrolled deeper...
2026-01-04 11:47:29,188 - INFO - Scrolled deeper...
2026-01-04 11:47:31,203 - INFO - Scrolled deeper...
2026-01-04 11:47:33,219 - INFO - Scrolled deeper...
2026-01-04 11:47:35,234 - INFO - Scrolled deeper...
2026-01-04 11:47:37,250 - INFO - Scrolled deeper...
2026-01-04 11:47:39,264 - INFO - Scrolled deeper...
2026-01-04 11:47:41,282 - INFO - Scrolled deeper...
2026-01-04 11:47:43,304 - INFO - Scrolled deeper...
2026-01-04 11:47:45,321 - INFO - Scrolled deeper...
2026-01-04 11:47:47,346 - INFO - Scrolled deeper...
2026-01-04 11:47:49,362 - INFO - Scrolled deeper...
2026-01-04 11:47:51,380 - INFO - Scrolled deeper...
2026-01-04 11:47:53,391 - INFO - Scrolled deeper...
2026-01-04 11:47:55,409 - INFO - Scrolled deeper...
2026-01-04 11:47:57,427 - INFO - Scrolled deeper...
2026-01-04 11:47:59,442 - INFO - Scrolled deeper...
2026-01-04 11:48:01,453 - INFO - Scrolled deeper...
2026-01-04 11:48:03,467 - INFO - Scrolled deeper...
2026-01-04 11:48:05,486 - INFO - Scrolled deeper...
2026-01-04 11:48:07,505 - INFO - Scrolled deeper...
2026-01-04 11:48:09,516 - INFO - Scrolled deeper...
2026-01-04 11:48:11,534 - INFO - Scrolled deeper...
2026-01-04 11:48:13,546 - INFO - Scrolled deeper...
2026-01-04 11:48:15,567 - INFO - Scrolled deeper...
2026-01-04 11:48:17,579 - INFO - Scrolled deeper...
2026-01-04 11:48:19,598 - INFO - Scrolled deeper...
2026-01-04 11:48:21,613 - INFO - Scrolled deeper...
2026-01-04 11:48:23,633 - INFO - Scrolled deeper...
2026-01-04 11:48:25,647 - INFO - Scrolled deeper...
2026-01-04 11:48:27,666 - INFO - Scrolled deeper...
2026-01-04 11:48:29,678 - INFO - Scrolled deeper...
2026-01-04 11:48:31,689 - INFO - Scrolled deeper...
2026-01-04 11:48:33,707 - INFO - Scrolled deeper...
2026-01-04 11:48:35,717 - INFO - Scrolled deeper...
2026-01-04 11:48:37,745 - INFO - Scrolled deeper...
2026-01-04 11:48:39,759 - INFO - Scrolled deeper...
2026-01-04 11:48:41,773 - INFO - Scrolled deeper...
2026-01-04 11:48:43,794 - INFO - Reached bottom of page.
2026-01-04 11:48:44,145 - INFO - Found 1000 company elements. Processing...
2026-01-04 11:48:55,168 - ERROR - Critical Scraper Error: current transaction is aborted, commands ignored until end of transaction block

2026-01-04 11:50:37,850 - INFO - --- Starting Ultimate Scrape Run #2 ---
2026-01-04 11:50:47,466 - INFO - Navigating to https://www.ycombinator.com/companies...
2026-01-04 11:50:51,523 - INFO - Starting Infinite Scroll...
2026-01-04 11:50:53,550 - INFO - Scrolled deeper...
2026-01-04 11:50:55,565 - INFO - Scrolled deeper...
2026-01-04 11:50:57,579 - INFO - Scrolled deeper...
2026-01-04 11:50:59,596 - INFO - Scrolled deeper...
2026-01-04 11:51:01,610 - INFO - Scrolled deeper...
2026-01-04 11:51:03,625 - INFO - Scrolled deeper...
2026-01-04 11:51:05,640 - INFO - Scrolled deeper...
2026-01-04 11:51:07,664 - INFO - Scrolled deeper...
2026-01-04 11:51:09,681 - INFO - Scrolled deeper...
2026-01-04 11:51:11,696 - INFO - Scrolled deeper...
2026-01-04 11:51:13,708 - INFO - Scrolled deeper...
2026-01-04 11:51:15,724 - INFO - Scrolled deeper...
2026-01-04 11:51:17,752 - INFO - Scrolled deeper...
2026-01-04 11:51:19,769 - INFO - Scrolled deeper...
2026-01-04 11:51:21,786 - INFO - Scrolled deeper...
2026-01-04 11:51:23,801 - INFO - Scrolled deeper...
2026-01-04 11:51:25,816 - INFO - Scrolled deeper...
2026-01-04 11:51:27,835 - INFO - Scrolled deeper...
2026-01-04 11:51:29,851 - INFO - Scrolled deeper...
2026-01-04 11:51:31,864 - INFO - Scrolled deeper...
2026-01-04 11:51:33,876 - INFO - Scrolled deeper...
2026-01-04 11:51:35,894 - INFO - Scrolled deeper...
2026-01-04 11:51:37,913 - INFO - Scrolled deeper...
2026-01-04 11:51:39,934 - INFO - Scrolled deeper...
2026-01-04 11:51:41,949 - INFO - Scrolled deeper...
2026-01-04 11:51:43,964 - INFO - Scrolled deeper...
2026-01-04 11:51:45,989 - INFO - Scrolled deeper...
2026-01-04 11:51:48,005 - INFO - Scrolled deeper...
2026-01-04 11:51:50,018 - INFO - Scrolled deeper...
2026-01-04 11:51:52,030 - INFO - Scrolled deeper...
2026-01-04 11:51:54,048 - INFO - Scrolled deeper...
2026-01-04 11:51:56,062 - INFO - Scrolled deeper...
2026-01-04 11:51:58,073 - INFO - Scrolled deeper...
2026-01-04 11:52:00,085 - INFO - Scrolled deeper...
2026-01-04 11:52:02,100 - INFO - Scrolled deeper...
2026-01-04 11:52:04,118 - INFO - Scrolled deeper...
2026-01-04 11:52:06,142 - INFO - Scrolled deeper...
2026-01-04 11:52:08,162 - INFO - Scrolled deeper...
2026-01-04 11:52:10,189 - INFO - Scrolled deeper...
2026-01-04 11:52:12,210 - INFO - Scrolled deeper...
2026-01-04 11:52:14,221 - INFO - Scrolled deeper...
2026-01-04 11:52:16,233 - INFO - Scrolled deeper...
2026-01-04 11:52:18,249 - INFO - Scrolled deeper...
2026-01-04 11:52:20,268 - INFO - Scrolled deeper...
2026-01-04 11:52:22,290 - INFO - Scrolled deeper...
2026-01-04 11:52:24,302 - INFO - Scrolled deeper...
2026-01-04 11:52:26,315 - INFO - Scrolled deeper...
2026-01-04 11:52:28,327 - INFO - Scrolled deeper...
2026-01-04 11:52:30,339 - INFO - Scrolled deeper...
2026-01-04 11:52:32,358 - INFO - Reached bottom of page.
2026-01-04 11:52:32,758 - INFO - Found 1000 company elements. Processing...
